<?xml version="1.0" encoding="UTF-8"?>
<testng-results skipped="0" failed="0" ignored="0" total="1" passed="1">
  <reporter-output>
  </reporter-output>
  <suite name="Default suite" duration-ms="1360658" started-at="2019-06-25T06:30:26Z" finished-at="2019-06-25T06:53:07Z">
    <groups>
    </groups>
    <test name="Default test" duration-ms="1360658" started-at="2019-06-25T06:30:26Z" finished-at="2019-06-25T06:53:07Z">
      <class name="TestScenarios.SearchMmDev">
        <test-method status="PASS" signature="setUp()[pri:0, instance:TestScenarios.SearchMmDev@76a3e297]" name="setUp" is-config="true" duration-ms="7186" started-at="2019-06-25T06:30:26Z" finished-at="2019-06-25T06:30:33Z">
          <reporter-output>
          </reporter-output>
        </test-method> <!-- setUp -->
        <test-method status="PASS" signature="verifyGTM()[pri:0, instance:TestScenarios.SearchMmDev@76a3e297]" name="verifyGTM" duration-ms="1351522" started-at="2019-06-25T06:30:33Z" finished-at="2019-06-25T06:53:05Z">
          <reporter-output>
          </reporter-output>
        </test-method> <!-- verifyGTM -->
        <test-method status="PASS" signature="tearDown()[pri:0, instance:TestScenarios.SearchMmDev@76a3e297]" name="tearDown" is-config="true" duration-ms="1804" started-at="2019-06-25T06:53:05Z" finished-at="2019-06-25T06:53:07Z">
          <reporter-output>
          </reporter-output>
        </test-method> <!-- tearDown -->
      </class> <!-- TestScenarios.SearchMmDev -->
    </test> <!-- Default test -->
  </suite> <!-- Default suite -->
</testng-results>
